[debug] [2025-05-17T08:58:18.887Z] ----------------------------------------------------------------------
[debug] [2025-05-17T08:58:18.889Z] Command:       /home/wildan/.nvm/versions/node/v22.14.0/bin/node /home/wildan/.nvm/versions/node/v22.14.0/bin/firebase init hosting
[debug] [2025-05-17T08:58:18.889Z] CLI Version:   14.4.0
[debug] [2025-05-17T08:58:18.889Z] Platform:      linux
[debug] [2025-05-17T08:58:18.889Z] Node Version:  v22.14.0
[debug] [2025-05-17T08:58:18.889Z] Time:          Sat May 17 2025 15:58:18 GMT+0700 (Western Indonesia Time)
[debug] [2025-05-17T08:58:18.890Z] ----------------------------------------------------------------------
[debug] 
[debug] [2025-05-17T08:58:18.893Z] > command requires scopes: ["email","openid","https://www.googleapis.com/auth/cloudplatformprojects.readonly","https://www.googleapis.com/auth/firebase","https://www.googleapis.com/auth/cloud-platform"]
[debug] [2025-05-17T08:58:18.893Z] > authorizing via signed-in user (wildannugoroho@gmail.com)
[info] 
     ######## #### ########  ######## ########     ###     ######  ########
     ##        ##  ##     ## ##       ##     ##  ##   ##  ##       ##
     ######    ##  ########  ######   ########  #########  ######  ######
     ##        ##  ##    ##  ##       ##     ## ##     ##       ## ##
     ##       #### ##     ## ######## ########  ##     ##  ######  ########

You're about to initialize a Firebase project in this directory:

  /home/wildan/rent-room/fe

[info] 
=== Project Setup
[info] 
[info] First, let's associate this project directory with a Firebase project.
[info] You can create multiple project aliases by running firebase use --add, 
[info] but for now we'll just set up a default project.
[info] 
[debug] [2025-05-17T08:58:20.146Z] Checked if tokens are valid: true, expires at: 1747475685176
[debug] [2025-05-17T08:58:20.146Z] Checked if tokens are valid: true, expires at: 1747475685176
[debug] [2025-05-17T08:58:20.148Z] >>> [apiv2][query] GET https://firebase.googleapis.com/v1beta1/projects pageSize=100
[debug] [2025-05-17T08:58:20.747Z] <<< [apiv2][status] GET https://firebase.googleapis.com/v1beta1/projects 200
[debug] [2025-05-17T08:58:20.747Z] <<< [apiv2][body] GET https://firebase.googleapis.com/v1beta1/projects [omitted]
[info] i  Using project ponirankost (ponirankost) 
[info] 
=== Hosting Setup
[debug] [2025-05-17T08:58:23.768Z] Checked if tokens are valid: true, expires at: 1747475685176
[debug] [2025-05-17T08:58:23.768Z] Checked if tokens are valid: true, expires at: 1747475685176
[debug] [2025-05-17T08:58:23.768Z] >>> [apiv2][query] GET https://firebase.googleapis.com/v1beta1/projects/ponirankost [none]
[debug] [2025-05-17T08:58:24.248Z] <<< [apiv2][status] GET https://firebase.googleapis.com/v1beta1/projects/ponirankost 200
[debug] [2025-05-17T08:58:24.249Z] <<< [apiv2][body] GET https://firebase.googleapis.com/v1beta1/projects/ponirankost {"projectId":"ponirankost","projectNumber":"250621986084","displayName":"ponirankost","name":"projects/ponirankost","resources":{"hostingSite":"ponirankost"},"state":"ACTIVE","etag":"1_e62bd831-a9e1-4cf6-af9f-943083d4a634"}
[info] 
[info] Your public directory is the folder (relative to your project directory) that
[info] will contain Hosting assets to be uploaded with firebase deploy. If you
[info] have a build process for your assets, use your build's output directory.
[info] 
[debug] [2025-05-17T09:01:39.305Z] ExitPromptError: User force closed the prompt with SIGINT
    at Interface.sigint (/home/wildan/.nvm/versions/node/v22.14.0/lib/node_modules/firebase-tools/node_modules/@inquirer/core/dist/commonjs/lib/create-prompt.js:100:37)
    at Interface.emit (node:events:518:28)
    at Interface.emit (node:domain:489:12)
    at [_ttyWrite] [as _ttyWrite] (node:internal/readline/interface:1124:18)
    at ReadStream.onkeypress (node:internal/readline/interface:263:20)
    at ReadStream.emit (node:events:530:35)
    at ReadStream.emit (node:domain:489:12)
    at emitKeys (node:internal/readline/utils:370:14)
    at emitKeys.next (<anonymous>)
    at ReadStream.onData (node:internal/readline/emitKeypressEvents:64:36)
[error] 
[error] Error: An unexpected error has occurred.
[debug] [2025-05-17T09:06:08.251Z] ----------------------------------------------------------------------
[debug] [2025-05-17T09:06:08.253Z] Command:       /home/wildan/.nvm/versions/node/v22.14.0/bin/node /home/wildan/.nvm/versions/node/v22.14.0/bin/firebase init hosting
[debug] [2025-05-17T09:06:08.253Z] CLI Version:   14.4.0
[debug] [2025-05-17T09:06:08.253Z] Platform:      linux
[debug] [2025-05-17T09:06:08.253Z] Node Version:  v22.14.0
[debug] [2025-05-17T09:06:08.254Z] Time:          Sat May 17 2025 16:06:08 GMT+0700 (Western Indonesia Time)
[debug] [2025-05-17T09:06:08.254Z] ----------------------------------------------------------------------
[debug] 
[debug] [2025-05-17T09:06:08.257Z] > command requires scopes: ["email","openid","https://www.googleapis.com/auth/cloudplatformprojects.readonly","https://www.googleapis.com/auth/firebase","https://www.googleapis.com/auth/cloud-platform"]
[debug] [2025-05-17T09:06:08.257Z] > authorizing via signed-in user (wildannugoroho@gmail.com)
[info] 
     ######## #### ########  ######## ########     ###     ######  ########
     ##        ##  ##     ## ##       ##     ##  ##   ##  ##       ##
     ######    ##  ########  ######   ########  #########  ######  ######
     ##        ##  ##    ##  ##       ##     ## ##     ##       ## ##
     ##       #### ##     ## ######## ########  ##     ##  ######  ########

You're about to initialize a Firebase project in this directory:

  /home/wildan/rent-room/fe

[info] 
=== Project Setup
[info] 
[info] First, let's associate this project directory with a Firebase project.
[info] You can create multiple project aliases by running firebase use --add, 
[info] but for now we'll just set up a default project.
[info] 
[debug] [2025-05-17T09:06:09.806Z] Checked if tokens are valid: true, expires at: 1747475685176
[debug] [2025-05-17T09:06:09.806Z] Checked if tokens are valid: true, expires at: 1747475685176
[debug] [2025-05-17T09:06:09.807Z] >>> [apiv2][query] GET https://firebase.googleapis.com/v1beta1/projects pageSize=100
[debug] [2025-05-17T09:06:10.634Z] <<< [apiv2][status] GET https://firebase.googleapis.com/v1beta1/projects 200
[debug] [2025-05-17T09:06:10.634Z] <<< [apiv2][body] GET https://firebase.googleapis.com/v1beta1/projects [omitted]
[info] i  Using project ponirankost (ponirankost) 
[info] 
=== Hosting Setup
[debug] [2025-05-17T09:06:11.444Z] Checked if tokens are valid: true, expires at: 1747475685176
[debug] [2025-05-17T09:06:11.445Z] Checked if tokens are valid: true, expires at: 1747475685176
[debug] [2025-05-17T09:06:11.445Z] >>> [apiv2][query] GET https://firebase.googleapis.com/v1beta1/projects/ponirankost [none]
[debug] [2025-05-17T09:06:11.947Z] <<< [apiv2][status] GET https://firebase.googleapis.com/v1beta1/projects/ponirankost 200
[debug] [2025-05-17T09:06:11.948Z] <<< [apiv2][body] GET https://firebase.googleapis.com/v1beta1/projects/ponirankost {"projectId":"ponirankost","projectNumber":"250621986084","displayName":"ponirankost","name":"projects/ponirankost","resources":{"hostingSite":"ponirankost"},"state":"ACTIVE","etag":"1_e62bd831-a9e1-4cf6-af9f-943083d4a634"}
[info] 
[info] Your public directory is the folder (relative to your project directory) that
[info] will contain Hosting assets to be uploaded with firebase deploy. If you
[info] have a build process for your assets, use your build's output directory.
[info] 
[debug] [2025-05-17T09:11:02.434Z] ExitPromptError: User force closed the prompt with SIGINT
    at Interface.sigint (/home/wildan/.nvm/versions/node/v22.14.0/lib/node_modules/firebase-tools/node_modules/@inquirer/core/dist/commonjs/lib/create-prompt.js:100:37)
    at Interface.emit (node:events:518:28)
    at Interface.emit (node:domain:489:12)
    at [_ttyWrite] [as _ttyWrite] (node:internal/readline/interface:1124:18)
    at ReadStream.onkeypress (node:internal/readline/interface:263:20)
    at ReadStream.emit (node:events:530:35)
    at ReadStream.emit (node:domain:489:12)
    at emitKeys (node:internal/readline/utils:370:14)
    at emitKeys.next (<anonymous>)
    at ReadStream.onData (node:internal/readline/emitKeypressEvents:64:36)
[error] 
[error] Error: An unexpected error has occurred.
